<?xml version="1.0" encoding="UTF-8"?>
<coverage generated="1599841222119" clover="3.2.0">
  <project timestamp="1599841222119" name="All files">
    <metrics statements="8" coveredstatements="8" conditionals="7" coveredconditionals="7" methods="2" coveredmethods="2" elements="17" coveredelements="17" complexity="0" loc="8" ncloc="8" packages="1" files="1" classes="1"/>
    <file name="collatz-conjecture.js" path="/home/fcosueza/Source/exercism/javascript/collatz-conjecture/collatz-conjecture.js">
      <metrics statements="8" coveredstatements="8" conditionals="7" coveredconditionals="7" methods="2" coveredmethods="2"/>
      <line num="1" count="1" type="cond" truecount="1" falsecount="0"/>
      <line num="2" count="171" type="cond" truecount="2" falsecount="0"/>
      <line num="4" count="169" type="cond" truecount="2" falsecount="0"/>
      <line num="6" count="165" type="stmt"/>
      <line num="9" count="1" type="stmt"/>
      <line num="10" count="165" type="cond" truecount="2" falsecount="0"/>
      <line num="11" count="112" type="stmt"/>
      <line num="13" count="53" type="stmt"/>
    </file>
  </project>
</coverage>
