{"/home/fcosueza/Source/exercism/javascript/collatz-conjecture/collatz-conjecture.js": {"path":"/home/fcosueza/Source/exercism/javascript/collatz-conjecture/collatz-conjecture.js","statementMap":{"0":{"start":{"line":1,"column":14},"end":{"line":7,"column":1}},"1":{"start":{"line":2,"column":2},"end":{"line":2,"column":68}},"2":{"start":{"line":2,"column":19},"end":{"line":2,"column":68}},"3":{"start":{"line":4,"column":2},"end":{"line":4,"column":33}},"4":{"start":{"line":4,"column":20},"end":{"line":4,"column":33}},"5":{"start":{"line":6,"column":2},"end":{"line":6,"column":53}},"6":{"start":{"line":9,"column":26},"end":{"line":15,"column":1}},"7":{"start":{"line":10,"column":2},"end":{"line":14,"column":3}},"8":{"start":{"line":11,"column":4},"end":{"line":11,"column":22}},"9":{"start":{"line":13,"column":4},"end":{"line":13,"column":26}}},"fnMap":{"0":{"name":"(anonymous_0)","decl":{"start":{"line":1,"column":14},"end":{"line":1,"column":15}},"loc":{"start":{"line":1,"column":37},"end":{"line":7,"column":1}},"line":1},"1":{"name":"(anonymous_1)","decl":{"start":{"line":9,"column":26},"end":{"line":9,"column":27}},"loc":{"start":{"line":9,"column":36},"end":{"line":15,"column":1}},"line":9}},"branchMap":{"0":{"loc":{"start":{"line":1,"column":23},"end":{"line":1,"column":32}},"type":"default-arg","locations":[{"start":{"line":1,"column":31},"end":{"line":1,"column":32}}],"line":1},"1":{"loc":{"start":{"line":2,"column":2},"end":{"line":2,"column":68}},"type":"if","locations":[{"start":{"line":2,"column":2},"end":{"line":2,"column":68}},{"start":{"line":2,"column":2},"end":{"line":2,"column":68}}],"line":2},"2":{"loc":{"start":{"line":4,"column":2},"end":{"line":4,"column":33}},"type":"if","locations":[{"start":{"line":4,"column":2},"end":{"line":4,"column":33}},{"start":{"line":4,"column":2},"end":{"line":4,"column":33}}],"line":4},"3":{"loc":{"start":{"line":10,"column":2},"end":{"line":14,"column":3}},"type":"if","locations":[{"start":{"line":10,"column":2},"end":{"line":14,"column":3}},{"start":{"line":10,"column":2},"end":{"line":14,"column":3}}],"line":10}},"s":{"0":1,"1":171,"2":2,"3":169,"4":4,"5":165,"6":1,"7":165,"8":112,"9":53},"f":{"0":171,"1":165},"b":{"0":[6],"1":[2,169],"2":[4,165],"3":[112,53]},"_coverageSchema":"43e27e138ebf9cfc5966b082cf9a028302ed4184","hash":"06ecab0dbccfc09347ba79b44363a0d6248df438"}
}
